This is pdfTeX, Version 3.1415926-2.5-1.40.14 (TeX Live 2013) (format=pdflatex 2014.3.11)  12 DEC 2015 00:36
entering extended mode
 restricted \write18 enabled.
 file:line:error style messages enabled.
 %&-line parsing enabled.
**151211_adapt-or-die-mssm.tex
(./151211_adapt-or-die-mssm.tex
LaTeX2e <2011/06/27>
Babel <3.9f> and hyphenation patterns for 78 languages loaded.
(/usr/local/texlive/2013/texmf-dist/tex/latex/base/article.cls
Document Class: article 2007/10/19 v1.4h Standard LaTeX document class
(/usr/local/texlive/2013/texmf-dist/tex/latex/base/size11.clo
File: size11.clo 2007/10/19 v1.4h Standard LaTeX file (size option)
)
\c@part=\count79
\c@section=\count80
\c@subsection=\count81
\c@subsubsection=\count82
\c@paragraph=\count83
\c@subparagraph=\count84
\c@figure=\count85
\c@table=\count86
\abovecaptionskip=\skip41
\belowcaptionskip=\skip42
\bibindent=\dimen102
)
(/usr/local/texlive/2013/texmf-dist/tex/latex/base/inputenc.sty
Package: inputenc 2008/03/30 v1.1d Input encoding file
\inpenc@prehook=\toks14
\inpenc@posthook=\toks15

(/usr/local/texlive/2013/texmf-dist/tex/latex/base/applemac.def
File: applemac.def 2008/03/30 v1.1d Input encoding file
))
(/usr/local/texlive/2013/texmf-dist/tex/generic/babel/babel.sty
Package: babel 2013/05/16 v3.9f The Babel package

(/usr/local/texlive/2013/texmf-dist/tex/generic/babel-english/english.ldf
Language: english 2012/08/20 v3.3p English support from the babel system

(/usr/local/texlive/2013/texmf-dist/tex/generic/babel/babel.def
File: babel.def 2013/05/16 v3.9f Babel common definitions
\babel@savecnt=\count87
\U@D=\dimen103
)
\l@canadian = a dialect from \language\l@american 
\l@australian = a dialect from \language\l@british 
\l@newzealand = a dialect from \language\l@british 
))
(/usr/local/texlive/2013/texmf-dist/tex/latex/base/fontenc.sty
Package: fontenc 2005/09/27 v1.99g Standard LaTeX package

(/usr/local/texlive/2013/texmf-dist/tex/latex/base/t1enc.def
File: t1enc.def 2005/09/27 v1.99g Standard LaTeX file
LaTeX Font Info:    Redeclaring font encoding T1 on input line 43.
))
(/usr/local/texlive/2013/texmf-dist/tex/latex/footmisc/footmisc.sty
Package: footmisc 2011/06/06 v5.5b a miscellany of footnote facilities
\FN@temptoken=\toks16
\footnotemargin=\dimen104
\c@pp@next@reset=\count88
Package footmisc Info: Declaring symbol style bringhurst on input line 855.
Package footmisc Info: Declaring symbol style chicago on input line 863.
Package footmisc Info: Declaring symbol style wiley on input line 872.
Package footmisc Info: Declaring symbol style lamport-robust on input line 883.

Package footmisc Info: Declaring symbol style lamport* on input line 903.
Package footmisc Info: Declaring symbol style lamport*-robust on input line 924
.
)
(/usr/local/texlive/2013/texmf-dist/tex/latex/setspace/setspace.sty
Package: setspace 2011/12/19 v6.7a set line spacing
)
(/usr/local/texlive/2013/texmf-dist/tex/latex/ms/ragged2e.sty
Package: ragged2e 2009/05/21 v2.1 ragged2e Package (MS)

(/usr/local/texlive/2013/texmf-dist/tex/latex/ms/everysel.sty
Package: everysel 2011/10/28 v1.2 EverySelectfont Package (MS)
)
\CenteringLeftskip=\skip43
\RaggedLeftLeftskip=\skip44
\RaggedRightLeftskip=\skip45
\CenteringRightskip=\skip46
\RaggedLeftRightskip=\skip47
\RaggedRightRightskip=\skip48
\CenteringParfillskip=\skip49
\RaggedLeftParfillskip=\skip50
\RaggedRightParfillskip=\skip51
\JustifyingParfillskip=\skip52
\CenteringParindent=\skip53
\RaggedLeftParindent=\skip54
\RaggedRightParindent=\skip55
\JustifyingParindent=\skip56
)
(/usr/local/texlive/2013/texmf-dist/tex/latex/tools/multicol.sty
Package: multicol 2011/06/27 v1.7a multicolumn formatting (FMi)
\c@tracingmulticols=\count89
\mult@box=\box26
\multicol@leftmargin=\dimen105
\c@unbalance=\count90
\c@collectmore=\count91
\doublecol@number=\count92
\multicoltolerance=\count93
\multicolpretolerance=\count94
\full@width=\dimen106
\page@free=\dimen107
\premulticols=\dimen108
\postmulticols=\dimen109
\multicolsep=\skip57
\multicolbaselineskip=\skip58
\partial@page=\box27
\last@line=\box28
\mult@rightbox=\box29
\mult@grightbox=\box30
\mult@gfirstbox=\box31
\mult@firstbox=\box32
\@tempa=\box33
\@tempa=\box34
\@tempa=\box35
\@tempa=\box36
\@tempa=\box37
\@tempa=\box38
\@tempa=\box39
\@tempa=\box40
\@tempa=\box41
\@tempa=\box42
\@tempa=\box43
\@tempa=\box44
\@tempa=\box45
\@tempa=\box46
\@tempa=\box47
\@tempa=\box48
\@tempa=\box49
\c@columnbadness=\count95
\c@finalcolumnbadness=\count96
\last@try=\dimen110
\multicolovershoot=\dimen111
\multicolundershoot=\dimen112
\mult@nat@firstbox=\box50
\colbreak@box=\box51
\multicol@sort@counter=\count97
)
(/usr/local/texlive/2013/texmf-dist/tex/latex/paralist/paralist.sty
Package: paralist 2002/03/18 v2.3b Extended list environments (BS)
\pltopsep=\skip59
\plpartopsep=\skip60
\plitemsep=\skip61
\plparsep=\skip62
\pl@lab=\toks17
)
(/usr/local/texlive/2013/texmf-dist/tex/latex/geometry/geometry.sty
Package: geometry 2010/09/12 v5.6 Page Geometry

(/usr/local/texlive/2013/texmf-dist/tex/latex/graphics/keyval.sty
Package: keyval 1999/03/16 v1.13 key=value parser (DPC)
\KV@toks@=\toks18
)
(/usr/local/texlive/2013/texmf-dist/tex/generic/oberdiek/ifpdf.sty
Package: ifpdf 2011/01/30 v2.3 Provides the ifpdf switch (HO)
Package ifpdf Info: pdfTeX in PDF mode is detected.
)
(/usr/local/texlive/2013/texmf-dist/tex/generic/oberdiek/ifvtex.sty
Package: ifvtex 2010/03/01 v1.5 Detect VTeX and its facilities (HO)
Package ifvtex Info: VTeX not detected.
)
(/usr/local/texlive/2013/texmf-dist/tex/generic/ifxetex/ifxetex.sty
Package: ifxetex 2010/09/12 v0.6 Provides ifxetex conditional
)
\Gm@cnth=\count98
\Gm@cntv=\count99
\c@Gm@tempcnt=\count100
\Gm@bindingoffset=\dimen113
\Gm@wd@mp=\dimen114
\Gm@odd@mp=\dimen115
\Gm@even@mp=\dimen116
\Gm@layoutwidth=\dimen117
\Gm@layoutheight=\dimen118
\Gm@layouthoffset=\dimen119
\Gm@layoutvoffset=\dimen120
\Gm@dimlist=\toks19
)
(/usr/local/texlive/2013/texmf-dist/tex/latex/amsmath/amsmath.sty
Package: amsmath 2013/01/14 v2.14 AMS math features
\@mathmargin=\skip63

For additional information on amsmath, use the `?' option.
(/usr/local/texlive/2013/texmf-dist/tex/latex/amsmath/amstext.sty
Package: amstext 2000/06/29 v2.01

(/usr/local/texlive/2013/texmf-dist/tex/latex/amsmath/amsgen.sty
File: amsgen.sty 1999/11/30 v2.0
\@emptytoks=\toks20
\ex@=\dimen121
))
(/usr/local/texlive/2013/texmf-dist/tex/latex/amsmath/amsbsy.sty
Package: amsbsy 1999/11/29 v1.2d
\pmbraise@=\dimen122
)
(/usr/local/texlive/2013/texmf-dist/tex/latex/amsmath/amsopn.sty
Package: amsopn 1999/12/14 v2.01 operator names
)
\inf@bad=\count101
LaTeX Info: Redefining \frac on input line 210.
\uproot@=\count102
\leftroot@=\count103
LaTeX Info: Redefining \overline on input line 306.
\classnum@=\count104
\DOTSCASE@=\count105
LaTeX Info: Redefining \ldots on input line 378.
LaTeX Info: Redefining \dots on input line 381.
LaTeX Info: Redefining \cdots on input line 466.
\Mathstrutbox@=\box52
\strutbox@=\box53
\big@size=\dimen123
LaTeX Font Info:    Redeclaring font encoding OML on input line 566.
LaTeX Font Info:    Redeclaring font encoding OMS on input line 567.
\macc@depth=\count106
\c@MaxMatrixCols=\count107
\dotsspace@=\muskip10
\c@parentequation=\count108
\dspbrk@lvl=\count109
\tag@help=\toks21
\row@=\count110
\column@=\count111
\maxfields@=\count112
\andhelp@=\toks22
\eqnshift@=\dimen124
\alignsep@=\dimen125
\tagshift@=\dimen126
\tagwidth@=\dimen127
\totwidth@=\dimen128
\lineht@=\dimen129
\@envbody=\toks23
\multlinegap=\skip64
\multlinetaggap=\skip65
\mathdisplay@stack=\toks24
LaTeX Info: Redefining \[ on input line 2665.
LaTeX Info: Redefining \] on input line 2666.
)
(/usr/local/texlive/2013/texmf-dist/tex/latex/amsfonts/amssymb.sty
Package: amssymb 2013/01/14 v3.01 AMS font symbols

(/usr/local/texlive/2013/texmf-dist/tex/latex/amsfonts/amsfonts.sty
Package: amsfonts 2013/01/14 v3.01 Basic AMSFonts support
\symAMSa=\mathgroup4
\symAMSb=\mathgroup5
LaTeX Font Info:    Overwriting math alphabet `\mathfrak' in version `bold'
(Font)                  U/euf/m/n --> U/euf/b/n on input line 106.
))
(/usr/local/texlive/2013/texmf-dist/tex/latex/amscls/amsthm.sty
Package: amsthm 2004/08/06 v2.20
\thm@style=\toks25
\thm@bodyfont=\toks26
\thm@headfont=\toks27
\thm@notefont=\toks28
\thm@headpunct=\toks29
\thm@preskip=\skip66
\thm@postskip=\skip67
\thm@headsep=\skip68
\dth@everypar=\toks30
)
(/usr/local/texlive/2013/texmf-dist/tex/latex/stmaryrd/stmaryrd.sty
Package: stmaryrd 1994/03/03 St Mary's Road symbol package
\symstmry=\mathgroup6
LaTeX Font Info:    Overwriting symbol font `stmry' in version `bold'
(Font)                  U/stmry/m/n --> U/stmry/b/n on input line 89.
)
(/usr/local/texlive/2013/texmf-dist/tex/latex/tools/array.sty
Package: array 2008/09/09 v2.4c Tabular extension package (FMi)
\col@sep=\dimen130
\extrarowheight=\dimen131
\NC@list=\toks31
\extratabsurround=\skip69
\backup@length=\skip70
)
(/usr/local/texlive/2013/texmf-dist/tex/latex/ifsym/ifsym.sty
Package: ifsym 2000/04/18 I.Kloeckl

(/usr/local/texlive/2013/texmf-dist/tex/latex/tools/calc.sty
Package: calc 2007/08/22 v4.3 Infix arithmetic (KKT,FJ)
\calc@Acount=\count113
\calc@Bcount=\count114
\calc@Adimen=\dimen132
\calc@Bdimen=\dimen133
\calc@Askip=\skip71
\calc@Bskip=\skip72
LaTeX Info: Redefining \setlength on input line 76.
LaTeX Info: Redefining \addtolength on input line 77.
\calc@Ccount=\count115
\calc@Cskip=\skip73
)
\c@ifsymcnt=\count116
)
(/usr/local/texlive/2013/texmf-dist/tex/latex/wasysym/wasysym.sty
Package: wasysym 2003/10/30 v2.0 Wasy-2 symbol support package
\symwasy=\mathgroup7
LaTeX Font Info:    Overwriting symbol font `wasy' in version `bold'
(Font)                  U/wasy/m/n --> U/wasy/b/n on input line 90.
LaTeX Font Info:    Redeclaring math symbol \ocircle on input line 240.
)
(/usr/local/texlive/2013/texmf-dist/tex/latex/units/units.sty
Package: units 1998/08/04 v0.9b Typesetting units

(/usr/local/texlive/2013/texmf-dist/tex/latex/base/ifthen.sty
Package: ifthen 2001/05/26 v1.1c Standard LaTeX ifthen package (DPC)
)
(/usr/local/texlive/2013/texmf-dist/tex/latex/units/nicefrac.sty
Package: nicefrac 1998/08/04 v0.9b Nice fractions
\L@UnitsRaiseDisplaystyle=\skip74
\L@UnitsRaiseTextstyle=\skip75
\L@UnitsRaiseScriptstyle=\skip76
))
(/usr/local/texlive/2013/texmf-dist/tex/latex/pdfpages/pdfpages.sty
Package: pdfpages 2012/08/31 v0.4t Insert pages of external PDF documents (AM)

(/usr/local/texlive/2013/texmf-dist/tex/latex/eso-pic/eso-pic.sty
Package: eso-pic 2010/10/06 v2.0c eso-pic (RN)

(/usr/local/texlive/2013/texmf-dist/tex/generic/oberdiek/atbegshi.sty
Package: atbegshi 2011/10/05 v1.16 At begin shipout hook (HO)

(/usr/local/texlive/2013/texmf-dist/tex/generic/oberdiek/infwarerr.sty
Package: infwarerr 2010/04/08 v1.3 Providing info/warning/error messages (HO)
)
(/usr/local/texlive/2013/texmf-dist/tex/generic/oberdiek/ltxcmds.sty
Package: ltxcmds 2011/11/09 v1.22 LaTeX kernel commands for general use (HO)
))
(/usr/local/texlive/2013/texmf-dist/tex/latex/xcolor/xcolor.sty
Package: xcolor 2007/01/21 v2.11 LaTeX color extensions (UK)

(/usr/local/texlive/2013/texmf-dist/tex/latex/latexconfig/color.cfg
File: color.cfg 2007/01/18 v1.5 color configuration of teTeX/TeXLive
)
Package xcolor Info: Driver file: pdftex.def on input line 225.

(/usr/local/texlive/2013/texmf-dist/tex/latex/pdftex-def/pdftex.def
File: pdftex.def 2011/05/27 v0.06d Graphics/color for pdfTeX
\Gread@gobject=\count117
)
Package xcolor Info: Model `cmy' substituted by `cmy0' on input line 1337.
Package xcolor Info: Model `hsb' substituted by `rgb' on input line 1341.
Package xcolor Info: Model `RGB' extended on input line 1353.
Package xcolor Info: Model `HTML' substituted by `rgb' on input line 1355.
Package xcolor Info: Model `Hsb' substituted by `hsb' on input line 1356.
Package xcolor Info: Model `tHsb' substituted by `hsb' on input line 1357.
Package xcolor Info: Model `HSB' substituted by `hsb' on input line 1358.
Package xcolor Info: Model `Gray' substituted by `gray' on input line 1359.
Package xcolor Info: Model `wave' substituted by `hsb' on input line 1360.
))
(/usr/local/texlive/2013/texmf-dist/tex/latex/graphics/graphicx.sty
Package: graphicx 1999/02/16 v1.0f Enhanced LaTeX Graphics (DPC,SPQR)

(/usr/local/texlive/2013/texmf-dist/tex/latex/graphics/graphics.sty
Package: graphics 2009/02/05 v1.0o Standard LaTeX Graphics (DPC,SPQR)

(/usr/local/texlive/2013/texmf-dist/tex/latex/graphics/trig.sty
Package: trig 1999/03/16 v1.09 sin cos tan (DPC)
)
(/usr/local/texlive/2013/texmf-dist/tex/latex/latexconfig/graphics.cfg
File: graphics.cfg 2010/04/23 v1.9 graphics configuration of TeX Live
)
Package graphics Info: Driver file: pdftex.def on input line 91.
)
\Gin@req@height=\dimen134
\Gin@req@width=\dimen135
)
(/usr/local/texlive/2013/texmf-dist/tex/latex/pdfpages/pppdftex.def
File: pppdftex.def 2012/08/31 v0.4t Pdfpages driver for pdfTeX (AM)
)
\AM@pagebox=\box54
\AM@toc@title=\toks32
\c@AM@survey=\count118
\AM@templatesizebox=\box55
)
(/usr/local/texlive/2013/texmf-dist/tex/latex/graphics/epsfig.sty
Package: epsfig 1999/02/16 v1.7a (e)psfig emulation (SPQR)
\epsfxsize=\dimen136
\epsfysize=\dimen137
)
(/Users/loro/Library/texmf/tex/latex/fmePACKAGES/colorsapplemac.sty
Package: colorsapplemac 2015/11/25 to directly refer to apple's colors (pens)
)
(/usr/local/texlive/2013/texmf-dist/tex/latex/tools/xspace.sty
Package: xspace 2009/10/20 v1.13 Space after command names (DPC,MH)
)
(/usr/local/texlive/2013/texmf-dist/tex/latex/subfig/subfig.sty
Package: subfig 2005/06/28 ver: 1.3 subfig package

(/usr/local/texlive/2013/texmf-dist/tex/latex/caption/caption.sty
Package: caption 2013/05/02 v3.3-89 Customizing captions (AR)

(/usr/local/texlive/2013/texmf-dist/tex/latex/caption/caption3.sty
Package: caption3 2013/05/02 v1.6-88 caption3 kernel (AR)
Package caption3 Info: TeX engine: e-TeX on input line 57.
\captionmargin=\dimen138
\captionmargin@=\dimen139
\captionwidth=\dimen140
\caption@tempdima=\dimen141
\caption@indent=\dimen142
\caption@parindent=\dimen143
\caption@hangindent=\dimen144
)
\c@ContinuedFloat=\count119
)
\c@KVtest=\count120
\sf@farskip=\skip77
\sf@captopadj=\dimen145
\sf@capskip=\skip78
\sf@nearskip=\skip79
\c@subfigure=\count121
\c@subfigure@save=\count122
\c@lofdepth=\count123
\c@subtable=\count124
\c@subtable@save=\count125
\c@lotdepth=\count126
\sf@top=\skip80
\sf@bottom=\skip81
)
(/Users/loro/Library/texmf/tex/latex/wrapfig/wrapfig.sty
\wrapoverhang=\dimen146
\WF@size=\dimen147
\c@WF@wrappedlines=\count127
\WF@box=\box56
\WF@everypar=\toks33
Package: wrapfig 2003/01/31  v 3.6
)
(/usr/local/texlive/2013/texmf-dist/tex/latex/adjustbox/adjustbox.sty
Package: adjustbox 2012/05/21 v1.0 Adjusting TeX boxes (trim, clip, ...)

(/usr/local/texlive/2013/texmf-dist/tex/latex/xkeyval/xkeyval.sty
Package: xkeyval 2012/10/14 v2.6b package option processing (HA)

(/usr/local/texlive/2013/texmf-dist/tex/generic/xkeyval/xkeyval.tex
\XKV@toks=\toks34
\XKV@tempa@toks=\toks35
\XKV@depth=\count128
File: xkeyval.tex 2012/10/14 v2.6b key=value parser (HA)
))
(/usr/local/texlive/2013/texmf-dist/tex/latex/adjustbox/adjcalc.sty
Package: adjcalc 2012/05/16 v1.1 Provides advanced setlength with multiple back
-ends (calc, etex, pgfmath)
)
(/usr/local/texlive/2013/texmf-dist/tex/latex/adjustbox/trimclip.sty
Package: trimclip 2012/05/16 v1.0 Trim and clip general TeX material

(/usr/local/texlive/2013/texmf-dist/tex/latex/collectbox/collectbox.sty
Package: collectbox 2012/05/17 v0.4b Collect macro arguments as boxes
\collectedbox=\box57
)
\tc@llx=\dimen148
\tc@lly=\dimen149
\tc@urx=\dimen150
\tc@ury=\dimen151
Package trimclip Info: Using driver 'tc-pdftex.def'.

(/usr/local/texlive/2013/texmf-dist/tex/latex/adjustbox/tc-pdftex.def
File: tc-pdftex.def 2012/05/13 v1.0 Clipping driver for pdftex
))
\adjbox@Width=\dimen152
\adjbox@Height=\dimen153
\adjbox@Depth=\dimen154
\adjbox@Totalheight=\dimen155

(/usr/local/texlive/2013/texmf-dist/tex/latex/ifoddpage/ifoddpage.sty
Package: ifoddpage 2011/09/13 v1.0 Conditionals for odd/even page detection
\c@checkoddpage=\count129
)
(/usr/local/texlive/2013/texmf-dist/tex/latex/varwidth/varwidth.sty
Package: varwidth 2009/03/30 ver 0.92;  Variable-width minipages
\@vwid@box=\box58
\sift@deathcycles=\count130
\@vwid@loff=\dimen156
\@vwid@roff=\dimen157
))
(/usr/local/texlive/2013/texmf-dist/tex/latex/oberdiek/pdflscape.sty
Package: pdflscape 2008/08/11 v0.10 Display of landscape pages in PDF (HO)

(/usr/local/texlive/2013/texmf-dist/tex/latex/graphics/lscape.sty
Package: lscape 2000/10/22 v3.01 Landscape Pages (DPC)
)
Package pdflscape Info: Auto-detected driver: pdftex on input line 80.
)
(/usr/local/texlive/2013/texmf-dist/tex/latex/sidecap/sidecap.sty
Package: sidecap 2003/06/06 v1.6f SideCap Package (RN/HjG)
\SC@BOXWD=\dimen158
\SC@CAPWD=\dimen159
\SC@tempdima=\dimen160
\SC@tempdimb=\dimen161
\c@SC@C=\count131
\SC@BOX=\box59
)
(/Users/loro/Library/texmf/tex/latex/fmePACKAGES/fpic2.sty)
(/usr/local/texlive/2013/texmf-dist/tex/latex/prettyref/prettyref.sty
Package: prettyref 1998/07/09 v3.0
)
(/usr/local/texlive/2013/texmf-dist/tex/latex/biblatex/biblatex.sty
Package: biblatex 2013/05/01 v2.6 programmable bibliographies (PK/JW/AB)

(/usr/local/texlive/2013/texmf-dist/tex/latex/biblatex/biblatex1.sty
Package: biblatex1 2013/05/01 v2.6 programmable bibliographies (bibtex) (PK/JW/
AB)

(/usr/local/texlive/2013/texmf-dist/tex/latex/etoolbox/etoolbox.sty
Package: etoolbox 2011/01/03 v2.1 e-TeX tools for LaTeX

(/usr/local/texlive/2013/texmf-dist/tex/latex/etex-pkg/etex.sty
Package: etex 1998/03/26 v2.0 eTeX basic definition package (PEB)
\et@xins=\count132
)
\etb@tempcnta=\count133
)
(/usr/local/texlive/2013/texmf-dist/tex/latex/logreq/logreq.sty
Package: logreq 2010/08/04 v1.0 xml request logger
\lrq@indent=\count134

(/usr/local/texlive/2013/texmf-dist/tex/latex/logreq/logreq.def
File: logreq.def 2010/08/04 v1.0 logreq spec v1.0
))
(/usr/local/texlive/2013/texmf-dist/tex/latex/url/url.sty
\Urlmuskip=\muskip11
Package: url 2006/04/12  ver 3.3  Verb mode for urls, etc.
)
\c@tabx@nest=\count135
\c@listtotal=\count136
\c@listcount=\count137
\c@liststart=\count138
\c@liststop=\count139
\c@citecount=\count140
\c@citetotal=\count141
\c@multicitecount=\count142
\c@multicitetotal=\count143
\c@instcount=\count144
\c@maxnames=\count145
\c@minnames=\count146
\c@maxitems=\count147
\c@minitems=\count148
\c@citecounter=\count149
\c@savedcitecounter=\count150
\c@uniquelist=\count151
\c@uniquename=\count152
\c@refsection=\count153
\c@refsegment=\count154
\c@maxextrayear=\count155
\c@maxextraalpha=\count156
\c@abbrvpenalty=\count157
\c@highnamepenalty=\count158
\c@lownamepenalty=\count159
\c@maxparens=\count160
\c@parenlevel=\count161
\blx@tempcnta=\count162
\blx@tempcntb=\count163
\blx@tempcntc=\count164
\blx@maxsection=\count165
\blx@maxsegment=\count166
\blx@notetype=\count167
\blx@parenlevel@text=\count168
\blx@parenlevel@foot=\count169
\labelnumberwidth=\skip82
\labelalphawidth=\skip83
\shorthandwidth=\skip84
\biblabelsep=\skip85
\bibitemsep=\skip86
\bibnamesep=\skip87
\bibinitsep=\skip88
\bibparsep=\skip89
\bibhang=\skip90
\blx@auxin=\read1
\blx@auxout=\write3
\c@mincomprange=\count170
\c@maxcomprange=\count171
\c@mincompwidth=\count172
\c@labelname=\count173
\c@savedlabelname=\count174
\c@author=\count175
\c@savedauthor=\count176
\c@shortauthor=\count177
\c@savedshortauthor=\count178
\c@editor=\count179
\c@savededitor=\count180
\c@editora=\count181
\c@savededitora=\count182
\c@editorb=\count183
\c@savededitorb=\count184
\c@editorc=\count185
\c@savededitorc=\count186
\c@shorteditor=\count187
\c@savedshorteditor=\count188
\c@bookauthor=\count189
\c@savedbookauthor=\count190
\c@translator=\count191
\c@savedtranslator=\count192
\c@annotator=\count193
\c@savedannotator=\count194
\c@commentator=\count195
\c@savedcommentator=\count196
\c@introduction=\count197
\c@savedintroduction=\count198
\c@foreword=\count199
\c@savedforeword=\count200
\c@afterword=\count201
\c@savedafterword=\count202
\c@holder=\count203
\c@savedholder=\count204
\c@namea=\count205
\c@savednamea=\count206
\c@nameb=\count207
\c@savednameb=\count208
\c@namec=\count209
\c@savednamec=\count210
\c@institution=\count211
\c@savedinstitution=\count212
\c@language=\count213
\c@savedlanguage=\count214
\c@location=\count215
\c@savedlocation=\count216
\c@organization=\count217
\c@savedorganization=\count218
\c@origlocation=\count219
\c@savedoriglocation=\count220
\c@origpublisher=\count221
\c@savedorigpublisher=\count222
\c@pageref=\count223
\c@savedpageref=\count224
\c@publisher=\count225
\c@savedpublisher=\count226
\c@lista=\count227
\c@savedlista=\count228
\c@listb=\count229
\c@savedlistb=\count230
\c@listc=\count231
\c@savedlistc=\count232
\c@listd=\count233
Normal \count register pool exhausted, switching to extended pool.
\c@savedlistd=\count277
\c@liste=\count278
\c@savedliste=\count279
\c@listf=\count280
\c@savedlistf=\count281
Package biblatex Info: Trying to load compatibility code...
Package biblatex Info: ... file 'blx-compat.def' found.

(/usr/local/texlive/2013/texmf-dist/tex/latex/biblatex/blx-compat.def
File: blx-compat.def 2013/05/01 v2.6 biblatex compatibility (PK/JW/AB)
)
Package biblatex Info: Trying to load generic definitions...
Package biblatex Info: ... file 'biblatex.def' found.

(/Users/loro/Library/texmf/tex/latex/biblatex/biblatex.def
File: biblatex.def 
\c@textcitecount=\count282
\c@textcitetotal=\count283
\c@textcitemaxnames=\count284
\c@biburlnumpenalty=\count285
\c@biburlucpenalty=\count286
\c@biburllcpenalty=\count287
\c@smartand=\count288
)
Package biblatex Info: Trying to load natbib compatibility...
Package biblatex Info: ... file 'blx-natbib.def' found.

(/usr/local/texlive/2013/texmf-dist/tex/latex/biblatex/blx-natbib.def
File: blx-natbib.def 2013/05/01 v2.6 biblatex compatibility (PK/JW/AB)
)
Package biblatex Info: Trying to load bibliography style 'authoryear'...
Package biblatex Info: ... file 'authoryear.bbx' found.

(/usr/local/texlive/2013/texmf-dist/tex/latex/biblatex/bbx/authoryear.bbx
File: authoryear.bbx 2013/05/01 v2.6 biblatex bibliography style (PK/JW/AB)
Package biblatex Info: Trying to load bibliography style 'standard'...
Package biblatex Info: ... file 'standard.bbx' found.

(/usr/local/texlive/2013/texmf-dist/tex/latex/biblatex/bbx/standard.bbx
File: standard.bbx 2013/05/01 v2.6 biblatex bibliography style (PK/JW/AB)
\c@bbx:relatedcount=\count289
\c@bbx:relatedtotal=\count290
))
Package biblatex Info: Trying to load citation style 'authoryear'...
Package biblatex Info: ... file 'authoryear.cbx' found.

(/usr/local/texlive/2013/texmf-dist/tex/latex/biblatex/cbx/authoryear.cbx
File: authoryear.cbx 2013/05/01 v2.6 biblatex citation style (PK/JW/AB)
Package biblatex Info: Redefining '\cite'.
Package biblatex Info: Redefining '\parencite'.
Package biblatex Info: Redefining '\footcite'.
Package biblatex Info: Redefining '\footcitetext'.
Package biblatex Info: Redefining '\smartcite'.
Package biblatex Info: Redefining '\textcite'.
)
Package biblatex Info: Trying to load configuration file...
Package biblatex Info: ... file 'biblatex.cfg' found.

(/usr/local/texlive/2013/texmf-dist/tex/latex/biblatex/biblatex.cfg
File: biblatex.cfg 
)))
(/Users/loro/Library/texmf/tex/latex/fmePACKAGES/citejournal.sty)
(/Users/loro/Library/texmf/tex/latex/fmePACKAGES/citettl.sty)
(/Users/loro/Library/texmf/tex/latex/fmePACKAGES/fboxes.sty)
(/usr/local/texlive/2013/texmf-dist/tex/latex/soul/soul.sty
Package: soul 2003/11/17 v2.4 letterspacing/underlining (mf)
\SOUL@word=\toks36
\SOUL@lasttoken=\toks37
\SOUL@cmds=\toks38
\SOUL@buffer=\toks39
\SOUL@token=\toks40
\SOUL@spaceskip=\skip91
\SOUL@ttwidth=\dimen162
\SOUL@uldp=\dimen163
\SOUL@ulht=\dimen164
)
(/usr/local/texlive/2013/texmf-dist/tex/latex/fancyhdr/fancyhdr.sty
\fancy@headwidth=\skip92
\f@ncyO@elh=\skip93
\f@ncyO@erh=\skip94
\f@ncyO@olh=\skip95
\f@ncyO@orh=\skip96
\f@ncyO@elf=\skip97
\f@ncyO@erf=\skip98
\f@ncyO@olf=\skip99
\f@ncyO@orf=\skip100
)

Package Fancyhdr Warning: \fancyheadoffset's `E' option without twoside option 
is useless on input line 252.


Package Fancyhdr Warning: \fancyfootoffset's `E' option without twoside option 
is useless on input line 253.

(/usr/local/texlive/2013/texmf-dist/tex/latex/hyperref/hyperref.sty
Package: hyperref 2012/11/06 v6.83m Hypertext links for LaTeX

(/usr/local/texlive/2013/texmf-dist/tex/generic/oberdiek/hobsub-hyperref.sty
Package: hobsub-hyperref 2012/05/28 v1.13 Bundle oberdiek, subset hyperref (HO)


(/usr/local/texlive/2013/texmf-dist/tex/generic/oberdiek/hobsub-generic.sty
Package: hobsub-generic 2012/05/28 v1.13 Bundle oberdiek, subset generic (HO)
Package: hobsub 2012/05/28 v1.13 Construct package bundles (HO)
Package hobsub Info: Skipping package `infwarerr' (already loaded).
Package hobsub Info: Skipping package `ltxcmds' (already loaded).
Package: ifluatex 2010/03/01 v1.3 Provides the ifluatex switch (HO)
Package ifluatex Info: LuaTeX not detected.
Package hobsub Info: Skipping package `ifvtex' (already loaded).
Package: intcalc 2007/09/27 v1.1 Expandable calculations with integers (HO)
Package hobsub Info: Skipping package `ifpdf' (already loaded).
Package: etexcmds 2011/02/16 v1.5 Avoid name clashes with e-TeX commands (HO)
Package etexcmds Info: Could not find \expanded.
(etexcmds)             That can mean that you are not using pdfTeX 1.50 or
(etexcmds)             that some package has redefined \expanded.
(etexcmds)             In the latter case, load this package earlier.
Package: kvsetkeys 2012/04/25 v1.16 Key value parser (HO)
Package: kvdefinekeys 2011/04/07 v1.3 Define keys (HO)
Package: pdftexcmds 2011/11/29 v0.20 Utility functions of pdfTeX for LuaTeX (HO
)
Package pdftexcmds Info: LuaTeX not detected.
Package pdftexcmds Info: \pdf@primitive is available.
Package pdftexcmds Info: \pdf@ifprimitive is available.
Package pdftexcmds Info: \pdfdraftmode found.
Package: pdfescape 2011/11/25 v1.13 Implements pdfTeX's escape features (HO)
Package: bigintcalc 2012/04/08 v1.3 Expandable calculations on big integers (HO
)
Package: bitset 2011/01/30 v1.1 Handle bit-vector datatype (HO)
Package: uniquecounter 2011/01/30 v1.2 Provide unlimited unique counter (HO)
)
Package hobsub Info: Skipping package `hobsub' (already loaded).
Package: letltxmacro 2010/09/02 v1.4 Let assignment for LaTeX macros (HO)
Package: hopatch 2012/05/28 v1.2 Wrapper for package hooks (HO)
Package: xcolor-patch 2011/01/30 xcolor patch
Package: atveryend 2011/06/30 v1.8 Hooks at the very end of document (HO)
Package hobsub Info: Skipping package `atbegshi' (already loaded).
Package: refcount 2011/10/16 v3.4 Data extraction from label references (HO)
Package: hycolor 2011/01/30 v1.7 Color options for hyperref/bookmark (HO)
)
(/usr/local/texlive/2013/texmf-dist/tex/latex/oberdiek/auxhook.sty
Package: auxhook 2011/03/04 v1.3 Hooks for auxiliary files (HO)
)
(/usr/local/texlive/2013/texmf-dist/tex/latex/oberdiek/kvoptions.sty
Package: kvoptions 2011/06/30 v3.11 Key value format for package options (HO)
)
\@linkdim=\dimen165
\Hy@linkcounter=\count291
\Hy@pagecounter=\count292

(/usr/local/texlive/2013/texmf-dist/tex/latex/hyperref/pd1enc.def
File: pd1enc.def 2012/11/06 v6.83m Hyperref: PDFDocEncoding definition (HO)
)
\Hy@SavedSpaceFactor=\count293

(/usr/local/texlive/2013/texmf-dist/tex/latex/latexconfig/hyperref.cfg
File: hyperref.cfg 2002/06/06 v1.2 hyperref configuration of TeXLive
)
Package hyperref Info: Hyper figures OFF on input line 4443.
Package hyperref Info: Link nesting OFF on input line 4448.
Package hyperref Info: Hyper index ON on input line 4451.
Package hyperref Info: Plain pages OFF on input line 4458.
Package hyperref Info: Backreferencing OFF on input line 4463.
Package hyperref Info: Implicit mode ON; LaTeX internals redefined.
Package hyperref Info: Bookmarks ON on input line 4688.
\c@Hy@tempcnt=\count294
LaTeX Info: Redefining \url on input line 5041.
\XeTeXLinkMargin=\dimen166
\Fld@menulength=\count295
\Field@Width=\dimen167
\Fld@charsize=\dimen168
Package hyperref Info: Hyper figures OFF on input line 6295.
Package hyperref Info: Link nesting OFF on input line 6300.
Package hyperref Info: Hyper index ON on input line 6303.
Package hyperref Info: backreferencing OFF on input line 6310.
Package hyperref Info: Link coloring OFF on input line 6315.
Package hyperref Info: Link coloring with OCG OFF on input line 6320.
Package hyperref Info: PDF/A mode OFF on input line 6325.
LaTeX Info: Redefining \ref on input line 6365.
LaTeX Info: Redefining \pageref on input line 6369.
\Hy@abspage=\count296
\c@Item=\count297
\c@Hfootnote=\count298
)

Package hyperref Message: Driver: hpdftex.

(/usr/local/texlive/2013/texmf-dist/tex/latex/hyperref/hpdftex.def
File: hpdftex.def 2012/11/06 v6.83m Hyperref driver for pdfTeX
\Fld@listcount=\count299
\c@bookmark@seq@number=\count300

(/usr/local/texlive/2013/texmf-dist/tex/latex/oberdiek/rerunfilecheck.sty
Package: rerunfilecheck 2011/04/15 v1.7 Rerun checks for auxiliary files (HO)
Package uniquecounter Info: New unique counter `rerunfilecheck' on input line 2
82.
)
\Hy@SectionHShift=\skip101
)
Package hyperref Info: Option `unicode' set `false' on input line 309.
Package hyperref Info: Option `pdftoolbar' set `false' on input line 309.
Package hyperref Info: Option `pdfmenubar' set `false' on input line 309.
Package hyperref Info: Option `pdffitwindow' set `true' on input line 309.

(/usr/local/texlive/2013/texmf-dist/tex/latex/oberdiek/hypcap.sty
Package: hypcap 2011/02/16 v1.11 Adjusting the anchors of captions (HO)
)
(/usr/local/texlive/2013/texmf-dist/tex/latex/tools/longtable.sty
Package: longtable 2004/02/01 v4.11 Multi-page Table package (DPC)
\LTleft=\skip102
\LTright=\skip103
\LTpre=\skip104
\LTpost=\skip105
\LTchunksize=\count301
\LTcapwidth=\dimen169
\LT@head=\box60
\LT@firsthead=\box61
\LT@foot=\box62
\LT@lastfoot=\box63
\LT@cols=\count302
\LT@rows=\count303
\c@LT@tables=\count304
\c@LT@chunks=\count305
\LT@p@ftn=\toks41
)
(/usr/local/texlive/2013/texmf-dist/tex/latex/colortbl/colortbl.sty
Package: colortbl 2012/02/13 v1.0a Color table columns (DPC)
\everycr=\toks42
\minrowclearance=\skip106
)
(/Users/loro/Library/texmf/tex/latex/booktabs/booktabs.sty
Package: booktabs 2005/04/14 v1.61803 publication quality tables
\heavyrulewidth=\dimen170
\lightrulewidth=\dimen171
\cmidrulewidth=\dimen172
\belowrulesep=\dimen173
\belowbottomsep=\dimen174
\aboverulesep=\dimen175
\abovetopsep=\dimen176
\cmidrulesep=\dimen177
\cmidrulekern=\dimen178
\defaultaddspace=\dimen179
\@cmidla=\count306
\@cmidlb=\count307
\@aboverulesep=\dimen180
\@belowrulesep=\dimen181
\@thisruleclass=\count308
\@lastruleclass=\count309
\@thisrulewidth=\dimen182
)
(/usr/local/texlive/2013/texmf-dist/tex/latex/multirow/multirow.sty
\bigstrutjot=\dimen183
)
(/usr/local/texlive/2013/texmf-dist/tex/latex/tools/tabularx.sty
Package: tabularx 1999/01/07 v2.07 `tabularx' package (DPC)
\TX@col@width=\dimen184
\TX@old@table=\dimen185
\TX@old@col=\dimen186
\TX@target=\dimen187
\TX@delta=\dimen188
\TX@cols=\count310
\TX@ftn=\toks43
)
(/usr/local/texlive/2013/texmf-dist/tex/latex/rotating/rotating.sty
Package: rotating 2009/03/28 v2.16a rotated objects in LaTeX
\c@r@tfl@t=\count311
\rotFPtop=\skip107
\rotFPbot=\skip108
\rot@float@box=\box64
\rot@mess@toks=\toks44
)
(/usr/local/texlive/2013/texmf-dist/tex/latex/relsize/relsize.sty
Package: relsize 2013/03/29 ver 4.1
)

Package array Warning: Column V is already defined on input line 384.

(./txt.tex
Package biblatex Info: Trying to load language 'english'...
Package biblatex Info: ... file 'english.lbx' found.

(/usr/local/texlive/2013/texmf-dist/tex/latex/biblatex/lbx/english.lbx
File: english.lbx 2013/05/01 v2.6 biblatex localization (PK/JW/AB)
)

Package biblatex Warning: 'babel' detected but 'csquotes' missing.
(biblatex)                Loading 'csquotes' recommended.

\@quotelevel=\count312
\@quotereset=\count313
(./151211_adapt-or-die-mssm.aux

LaTeX Warning: Label `iifig1a050' multiply defined.


LaTeX Warning: Label `sub@iifig1a050' multiply defined.


LaTeX Warning: Label `ifig1a050' multiply defined.


LaTeX Warning: Label `sub@ifig1a050' multiply defined.

)
\openout1 = `151211_adapt-or-die-mssm.aux'.

LaTeX Font Info:    Checking defaults for OML/cmm/m/it on input line 12.
LaTeX Font Info:    ... okay on input line 12.
LaTeX Font Info:    Checking defaults for T1/cmr/m/n on input line 12.
LaTeX Font Info:    ... okay on input line 12.
LaTeX Font Info:    Checking defaults for OT1/cmr/m/n on input line 12.
LaTeX Font Info:    ... okay on input line 12.
LaTeX Font Info:    Checking defaults for OMS/cmsy/m/n on input line 12.
LaTeX Font Info:    ... okay on input line 12.
LaTeX Font Info:    Checking defaults for OMX/cmex/m/n on input line 12.
LaTeX Font Info:    ... okay on input line 12.
LaTeX Font Info:    Checking defaults for U/cmr/m/n on input line 12.
LaTeX Font Info:    ... okay on input line 12.
LaTeX Font Info:    Checking defaults for PD1/pdf/m/n on input line 12.
LaTeX Font Info:    ... okay on input line 12.
 ABD: EverySelectfont initializing macros
LaTeX Info: Redefining \selectfont on input line 12.

*geometry* driver: auto-detecting
*geometry* detected driver: pdftex
*geometry* verbose mode - [ preamble ] result:
* driver: pdftex
* paper: a4paper
* layout: <same size as paper>
* layoutoffset:(h,v)=(0.0pt,0.0pt)
* modes: 
* h-part:(L,W,R)=(89.62709pt, 418.25368pt, 89.6271pt)
* v-part:(T,H,B)=(101.40665pt, 591.5302pt, 152.11pt)
* \paperwidth=597.50787pt
* \paperheight=845.04684pt
* \textwidth=446.70827pt
* \textheight=725.54527pt
* \oddsidemargin=-22.76219pt
* \evensidemargin=-22.76219pt
* \topmargin=-62.59605pt
* \headheight=39.83385pt
* \headsep=34.1433pt
* \topskip=14.22636pt
* \footskip=42.67912pt
* \marginparwidth=56.9055pt
* \marginparsep=8.53581pt
* \columnsep=18.0pt
* \skip\footins=10.0pt plus 4.0pt minus 2.0pt
* \hoffset=0.0pt
* \voffset=0.0pt
* \mag=1000
* \@twocolumnfalse
* \@twosidefalse
* \@mparswitchfalse
* \@reversemarginfalse
* (1in=72.27pt=25.4mm, 1cm=28.453pt)

\AtBeginShipoutBox=\box65
(/usr/local/texlive/2013/texmf-dist/tex/context/base/supp-pdf.mkii
[Loading MPS to PDF converter (version 2006.09.02).]
\scratchcounter=\count314
\scratchdimen=\dimen189
\scratchbox=\box66
\nofMPsegments=\count315
\nofMParguments=\count316
\everyMPshowfont=\toks45
\MPscratchCnt=\count317
\MPscratchDim=\dimen190
\MPnumerator=\count318
\makeMPintoPDFobject=\count319
\everyMPtoPDFconversion=\toks46
) (/usr/local/texlive/2013/texmf-dist/tex/latex/oberdiek/epstopdf-base.sty
Package: epstopdf-base 2010/02/09 v2.5 Base part for package epstopdf

(/usr/local/texlive/2013/texmf-dist/tex/latex/oberdiek/grfext.sty
Package: grfext 2010/08/19 v1.1 Manage graphics extensions (HO)
)
Package grfext Info: Graphics extension search list:
(grfext)             [.png,.pdf,.jpg,.mps,.jpeg,.jbig2,.jb2,.PNG,.PDF,.JPG,.JPE
G,.JBIG2,.JB2,.eps]
(grfext)             \AppendGraphicsExtensions on input line 452.

(/usr/local/texlive/2013/texmf-dist/tex/latex/latexconfig/epstopdf-sys.cfg
File: epstopdf-sys.cfg 2010/07/13 v1.3 Configuration of (r)epstopdf for TeX Liv
e
))
Package caption Info: Begin \AtBeginDocument code.
Package caption Info: subfig package v1.3 is loaded.
Package caption Info: hyperref package is loaded.
Package caption Info: hypcap package is loaded.
Package caption Info: longtable package is loaded.

(/usr/local/texlive/2013/texmf-dist/tex/latex/caption/ltcaption.sty
Package: ltcaption 2013/02/03 v1.3-62 longtable captions (AR)
)
Package caption Info: rotating package is loaded.
Package caption Info: sidecap package is loaded.
Package caption Info: wrapfig package is loaded.
Package caption Info: End \AtBeginDocument code.
Package biblatex Info: Input encoding 'applemac' detected.
Package biblatex Info: Automatic encoding selection.
(biblatex)             Assuming data encoding 'applemac'.


Package biblatex Warning: Data encoding is 'applemac'.
(biblatex)                Use backend=bibtex8 or backend=biber.

\openout3 = `151211_adapt-or-die-mssm-blx.bib'.

Package biblatex Info: Trying to load bibliographic data...
Package biblatex Info: ... file '151211_adapt-or-die-mssm.bbl' found.
(./151211_adapt-or-die-mssm.bbl

Package biblatex Warning: BibTeX reported the following issues
(biblatex)                with 'BorgattiCross2003_A-Relational-View-of-Informat
ion-Seeking_MS':
(biblatex)                - Invalid format of field 'month'.

)
Package biblatex Info: Reference section=0 on input line 12.
Package biblatex Info: Reference segment=0 on input line 12.
Package hyperref Info: Link coloring OFF on input line 12.
 (/usr/local/texlive/2013/texmf-dist/tex/latex/hyperref/nameref.sty
Package: nameref 2012/10/27 v2.43 Cross-referencing by name of section

(/usr/local/texlive/2013/texmf-dist/tex/generic/oberdiek/gettitlestring.sty
Package: gettitlestring 2010/12/03 v1.4 Cleanup title references (HO)
)
\c@section@level=\count320
)
LaTeX Info: Redefining \ref on input line 12.
LaTeX Info: Redefining \pageref on input line 12.
LaTeX Info: Redefining \nameref on input line 12.

(./151211_adapt-or-die-mssm.out) (./151211_adapt-or-die-mssm.out)
\@outlinefile=\write4
\openout4 = `151211_adapt-or-die-mssm.out'.

LaTeX Font Info:    Try loading font information for U+msa on input line 26.

(/usr/local/texlive/2013/texmf-dist/tex/latex/amsfonts/umsa.fd
File: umsa.fd 2013/01/14 v3.01 AMS symbols A
)
LaTeX Font Info:    Try loading font information for U+msb on input line 26.

(/usr/local/texlive/2013/texmf-dist/tex/latex/amsfonts/umsb.fd
File: umsb.fd 2013/01/14 v3.01 AMS symbols B
)
LaTeX Font Info:    Try loading font information for U+stmry on input line 26.

(/usr/local/texlive/2013/texmf-dist/tex/latex/stmaryrd/Ustmry.fd)
LaTeX Font Info:    Try loading font information for U+wasy on input line 26.

(/usr/local/texlive/2013/texmf-dist/tex/latex/wasysym/uwasy.fd
File: uwasy.fd 2003/10/30 v2.0 Wasy-2 symbol font definitions
)
LaTeX Font Info:    Try loading font information for OMS+cmr on input line 26.

(/usr/local/texlive/2013/texmf-dist/tex/latex/base/omscmr.fd
File: omscmr.fd 1999/05/25 v2.5h Standard LaTeX font definitions
)
LaTeX Font Info:    Font shape `OMS/cmr/m/n' in size <12> not available
(Font)              Font shape `OMS/cmsy/m/n' tried instead on input line 26.
LaTeX Font Info:    Font shape `OMS/cmr/m/n' in size <8> not available
(Font)              Font shape `OMS/cmsy/m/n' tried instead on input line 26.
LaTeX Font Info:    Font shape `OMS/cmr/m/n' in size <6> not available
(Font)              Font shape `OMS/cmsy/m/n' tried instead on input line 26.
 [1

{/Users/loro/Library/texlive/2013/texmf-var/fonts/map/pdftex/updmap/pdftex.map}
] [2] [3]
Package epstopdf Info: Source file: <xpic/adaptordie1.eps>
(epstopdf)                    date: 2015-12-11 18:19:02
(epstopdf)                    size: 29556 bytes
(epstopdf)             Output file: <xpic/adaptordie1-eps-converted-to.pdf>
(epstopdf)                    date: 2015-12-12 00:09:01
(epstopdf)                    size: 11463 bytes
(epstopdf)             Command: <repstopdf --outfile=xpic/adaptordie1-eps-conve
rted-to.pdf xpic/adaptordie1.eps>
(epstopdf)             \includegraphics on input line 168.
Package epstopdf Info: Output file is already uptodate.

<xpic/adaptordie1-eps-converted-to.pdf, id=108, 405.515pt x 607.26875pt>
File: xpic/adaptordie1-eps-converted-to.pdf Graphic file (type pdf)

<use xpic/adaptordie1-eps-converted-to.pdf>
Package pdftex.def Info: xpic/adaptordie1-eps-converted-to.pdf used on input li
ne 168.
(pdftex.def)             Requested size: 201.01735pt x 301.02983pt.
LaTeX Font Info:    Try loading font information for T1+cmss on input line 168.


(/usr/local/texlive/2013/texmf-dist/tex/latex/base/t1cmss.fd
File: t1cmss.fd 1999/05/25 v2.5h Standard LaTeX font definitions
)
Package epstopdf Info: Source file: <xpic/adaptordie2.eps>
(epstopdf)                    date: 2015-12-11 18:18:47
(epstopdf)                    size: 29780 bytes
(epstopdf)             Output file: <xpic/adaptordie2-eps-converted-to.pdf>
(epstopdf)                    date: 2015-12-12 00:09:02
(epstopdf)                    size: 11534 bytes
(epstopdf)             Command: <repstopdf --outfile=xpic/adaptordie2-eps-conve
rted-to.pdf xpic/adaptordie2.eps>
(epstopdf)             \includegraphics on input line 172.
Package epstopdf Info: Output file is already uptodate.

<xpic/adaptordie2-eps-converted-to.pdf, id=109, 405.515pt x 607.26875pt>
File: xpic/adaptordie2-eps-converted-to.pdf Graphic file (type pdf)

<use xpic/adaptordie2-eps-converted-to.pdf>
Package pdftex.def Info: xpic/adaptordie2-eps-converted-to.pdf used on input li
ne 172.
(pdftex.def)             Requested size: 201.01735pt x 301.02983pt.
 [4]
Package epstopdf Info: Source file: <xpic/adaptordie4.eps>
(epstopdf)                    date: 2015-12-11 18:10:08
(epstopdf)                    size: 29762 bytes
(epstopdf)             Output file: <xpic/adaptordie4-eps-converted-to.pdf>
(epstopdf)                    date: 2015-12-12 00:18:59
(epstopdf)                    size: 11535 bytes
(epstopdf)             Command: <repstopdf --outfile=xpic/adaptordie4-eps-conve
rted-to.pdf xpic/adaptordie4.eps>
(epstopdf)             \includegraphics on input line 194.
Package epstopdf Info: Output file is already uptodate.

<xpic/adaptordie4-eps-converted-to.pdf, id=120, 405.515pt x 607.26875pt>
File: xpic/adaptordie4-eps-converted-to.pdf Graphic file (type pdf)

<use xpic/adaptordie4-eps-converted-to.pdf>
Package pdftex.def Info: xpic/adaptordie4-eps-converted-to.pdf used on input li
ne 194.
(pdftex.def)             Requested size: 201.01735pt x 301.02983pt.
Package epstopdf Info: Source file: <xpic/adaptordie5.eps>
(epstopdf)                    date: 2015-12-11 18:09:58
(epstopdf)                    size: 29788 bytes
(epstopdf)             Output file: <xpic/adaptordie5-eps-converted-to.pdf>
(epstopdf)                    date: 2015-12-12 00:19:00
(epstopdf)                    size: 11537 bytes
(epstopdf)             Command: <repstopdf --outfile=xpic/adaptordie5-eps-conve
rted-to.pdf xpic/adaptordie5.eps>
(epstopdf)             \includegraphics on input line 198.
Package epstopdf Info: Output file is already uptodate.

<xpic/adaptordie5-eps-converted-to.pdf, id=121, 405.515pt x 607.26875pt>
File: xpic/adaptordie5-eps-converted-to.pdf Graphic file (type pdf)

<use xpic/adaptordie5-eps-converted-to.pdf>
Package pdftex.def Info: xpic/adaptordie5-eps-converted-to.pdf used on input li
ne 198.
(pdftex.def)             Requested size: 201.01735pt x 301.02983pt.
 [5 <./xpic/adaptordie1-eps-converted-to.pdf> <./xpic/adaptordie2-eps-converted
-to.pdf>] [6 <./xpic/adaptordie4-eps-converted-to.pdf> <./xpic/adaptordie5-eps-
converted-to.pdf>] [7

]
Package atveryend Info: Empty hook `BeforeClearDocument' on input line 343.
 [8]
Package atveryend Info: Empty hook `AfterLastShipout' on input line 343.

(./151211_adapt-or-die-mssm.aux)
Package atveryend Info: Executing hook `AtVeryEndDocument' on input line 343.
Package atveryend Info: Executing hook `AtEndAfterFileList' on input line 343.
Package rerunfilecheck Info: File `151211_adapt-or-die-mssm.out' has not change
d.
(rerunfilecheck)             Checksum: D41D8CD98F00B204E9800998ECF8427E;0.


LaTeX Warning: There were multiply-defined labels.

Package logreq Info: Writing requests to '151211_adapt-or-die-mssm.run.xml'.
\openout1 = `151211_adapt-or-die-mssm.run.xml'.

 ) ) 
Here is how much of TeX's memory you used:
 17344 strings out of 493315
 274594 string characters out of 6137904
 627167 words of memory out of 5000000
 20344 multiletter control sequences out of 15000+600000
 29860 words of font info for 88 fonts, out of 8000000 for 9000
 957 hyphenation exceptions out of 8191
 44i,12n,85p,1709b,1521s stack positions out of 5000i,500n,10000p,200000b,80000s
{/usr/local/texlive/2013/texmf-dist/fonts/enc/dvips/cm-super/cm-super-t1.en
c}</usr/local/texlive/2013/texmf-dist/fonts/type1/public/amsfonts/cm/cmsy10.pfb
></usr/local/texlive/2013/texmf-dist/fonts/type1/public/amsfonts/cm/cmsy6.pfb><
/usr/local/texlive/2013/texmf-dist/fonts/type1/public/amsfonts/cm/cmsy8.pfb></u
sr/local/texlive/2013/texmf-dist/fonts/type1/public/cm-super/sfbx1000.pfb></usr
/local/texlive/2013/texmf-dist/fonts/type1/public/cm-super/sfbx1095.pfb></usr/l
ocal/texlive/2013/texmf-dist/fonts/type1/public/cm-super/sfbx1440.pfb></usr/loc
al/texlive/2013/texmf-dist/fonts/type1/public/cm-super/sfrm0600.pfb></usr/local
/texlive/2013/texmf-dist/fonts/type1/public/cm-super/sfrm0800.pfb></usr/local/t
exlive/2013/texmf-dist/fonts/type1/public/cm-super/sfrm0900.pfb></usr/local/tex
live/2013/texmf-dist/fonts/type1/public/cm-super/sfrm1000.pfb></usr/local/texli
ve/2013/texmf-dist/fonts/type1/public/cm-super/sfrm1095.pfb></usr/local/texlive
/2013/texmf-dist/fonts/type1/public/cm-super/sfrm1200.pfb></usr/local/texlive/2
013/texmf-dist/fonts/type1/public/cm-super/sfrm1728.pfb></usr/local/texlive/201
3/texmf-dist/fonts/type1/public/cm-super/sfsx0900.pfb></usr/local/texlive/2013/
texmf-dist/fonts/type1/public/cm-super/sfsx1095.pfb></usr/local/texlive/2013/te
xmf-dist/fonts/type1/public/cm-super/sfti0900.pfb>
Output written on 151211_adapt-or-die-mssm.pdf (8 pages, 306820 bytes).
PDF statistics:
 259 PDF objects out of 1000 (max. 8388607)
 222 compressed objects within 3 object streams
 64 named destinations out of 1000 (max. 500000)
 21 words of extra memory for PDF output out of 10000 (max. 10000000)

